<?xml version="1.0" encoding="UTF-8"?>
<!-- Generated by org.testng.reporters.JUnitReportReporter -->
<testsuite hostname="GaneshBabu" failures="0" tests="1" name="com.inetbanking.testCases.TC_LoginTest003" time="15.922" errors="0" timestamp="2021-07-09T13:30:00 IST" skipped="0">
  <testcase classname="com.inetbanking.testCases.TC_LoginTest003" name="addcustomer" time="15.922"/>
  <system-out/>
</testsuite> <!-- com.inetbanking.testCases.TC_LoginTest003 -->
