<?xml version="1.0" encoding="UTF-8"?>
<!-- Generated by org.testng.reporters.JUnitReportReporter -->
<testsuite hostname="GaneshBabu" failures="0" tests="1" name="com.inetbanking.testCases.TC_LoginTest002" time="2.287" errors="0" timestamp="2021-07-07T21:31:22 IST" skipped="0">
  <testcase classname="com.inetbanking.testCases.TC_LoginTest002" name="NewCustomer" time="2.287"/>
  <system-out/>
</testsuite> <!-- com.inetbanking.testCases.TC_LoginTest002 -->
