<?xml version="1.0" encoding="UTF-8"?>
<!-- Generated by org.testng.reporters.JUnitReportReporter -->
<testsuite hostname="GaneshBabu" failures="0" tests="1" name="com.inetbanking.testCases.TC_LoginTest001" time="8.300" errors="0" timestamp="2021-07-09T13:30:00 IST" skipped="0">
  <testcase classname="com.inetbanking.testCases.TC_LoginTest001" name="loginTest" time="8.300"/>
  <system-out/>
</testsuite> <!-- com.inetbanking.testCases.TC_LoginTest001 -->
